#! /usr/bin/vvp
:ivl_version "11.0 (stable)";
:ivl_delay_selection "TYPICAL";
:vpi_time_precision - 12;
:vpi_module "/usr/lib/x86_64-linux-gnu/ivl/system.vpi";
:vpi_module "/usr/lib/x86_64-linux-gnu/ivl/vhdl_sys.vpi";
:vpi_module "/usr/lib/x86_64-linux-gnu/ivl/vhdl_textio.vpi";
:vpi_module "/usr/lib/x86_64-linux-gnu/ivl/v2005_math.vpi";
:vpi_module "/usr/lib/x86_64-linux-gnu/ivl/va_math.vpi";
:vpi_module "/usr/lib/x86_64-linux-gnu/ivl/v2009.vpi";
S_0x5595bd7cfd90 .scope package, "$unit" "$unit" 2 1;
 .timescale 0 0;
S_0x5595bd7cff40 .scope module, "tb" "tb" 3 2;
 .timescale -9 -12;
v0x5595bd7d17b0_0 .var/2s "fp", 31 0;
v0x5595bd7d1ba0 .array "mem", 1024 0, 7 0;
S_0x5595bd7f7de0 .scope begin, "$ivl_for_loop0" "$ivl_for_loop0" 3 8, 3 8 0, S_0x5595bd7cff40;
 .timescale -9 -12;
v0x5595bd7d1350_0 .var/2s "i", 31 0;
    .scope S_0x5595bd7cff40;
T_0 ;
    %vpi_call/w 3 6 "$readmemh", "a.hex", v0x5595bd7d1ba0 {0 0 0};
    %vpi_func 3 7 "$fopen" 32, "mem2.txt", "w" {0 0 0};
    %cast2;
    %store/vec4 v0x5595bd7d17b0_0, 0, 32;
    %fork t_1, S_0x5595bd7f7de0;
    %jmp t_0;
    .scope S_0x5595bd7f7de0;
t_1 ;
    %pushi/vec4 0, 0, 32;
    %store/vec4 v0x5595bd7d1350_0, 0, 32;
T_0.0 ;
    %load/vec4 v0x5595bd7d1350_0;
    %cmpi/s 1024, 0, 32;
    %jmp/0xz T_0.1, 5;
    %load/vec4 v0x5595bd7d1350_0;
    %pushi/vec4 16, 0, 32;
    %mod/s;
    %pushi/vec4 0, 0, 32;
    %cmp/e;
    %flag_get/vec4 4;
    %load/vec4 v0x5595bd7d1350_0;
    %pushi/vec4 0, 0, 32;
    %cmp/ne;
    %flag_get/vec4 4;
    %and;
    %flag_set/vec4 8;
    %jmp/0xz  T_0.2, 8;
    %vpi_call/w 3 10 "$display", "\000" {0 0 0};
    %vpi_call/w 3 11 "$fwrite", v0x5595bd7d17b0_0, "\012" {0 0 0};
T_0.2 ;
    %vpi_call/w 3 13 "$fwrite", v0x5595bd7d17b0_0, "%x ", &A<v0x5595bd7d1ba0, v0x5595bd7d1350_0 > {0 0 0};
    %vpi_call/w 3 14 "$write", "%x ", &A<v0x5595bd7d1ba0, v0x5595bd7d1350_0 > {0 0 0};
    ; show_stmt_assign_vector: Get l-value for compressed += operand
    %load/vec4 v0x5595bd7d1350_0;
    %pushi/vec4 1, 0, 32;
    %add;
    %cast2;
    %store/vec4 v0x5595bd7d1350_0, 0, 32;
    %jmp T_0.0;
T_0.1 ;
    %end;
    .scope S_0x5595bd7cff40;
t_0 %join;
    %vpi_call/w 3 16 "$fclose", v0x5595bd7d17b0_0 {0 0 0};
    %end;
    .thread T_0;
# The file index is used to find the file name in the following table.
:file_names 4;
    "N/A";
    "<interactive>";
    "-";
    "tb.sv";
