Questa Intel Starter FPGA Edition-64 qrun 2021.2 Utility 2021.04 Apr 14 2021
Start time: 01:11:33 on Mar 07,2024
qrun ../../rtl/regfile.v tb.sv 
Questa Intel Starter FPGA Edition-64 vlog 2021.2 Compiler 2021.04 Apr 14 2021
Start time: 01:11:33 on Mar 07,2024
vlog ../../rtl/regfile.v tb.sv -work qrun.out/work -csession=incr -writesessionid "+qrun.out/top_dus" -statslog qrun.out/stats_log 
-- Compiling module regfile
-- Compiling module tb

Top level modules:
	tb
End time: 01:11:33 on Mar 07,2024, Elapsed time: 0:00:00
Errors: 0, Warnings: 0
Questa Intel Starter FPGA Edition-64 vopt 2021.2 Compiler 2021.04 Apr 14 2021
Start time: 01:11:34 on Mar 07,2024
vopt -findtoplevels /home/jj/Documents/rv32i/single_cycle/verification/regfile/qrun.out/work+1+ -work qrun.out/work -statslog qrun.out/stats_log -o qrun_opt 

Top level modules:
	tb

Analyzing design...
-- Loading module tb
-- Loading module regfile
Optimizing 2 design-units (inlining 0/2 module instances):
-- Optimizing module tb(fast)
-- Optimizing module regfile(fast)
Optimized design name is qrun_opt
End time: 01:11:35 on Mar 07,2024, Elapsed time: 0:00:01
Errors: 0, Warnings: 0
# vsim -lib qrun.out/work -c -do "run -all; quit -f" -statslog qrun.out/stats_log qrun_opt -appendlog -l qrun.log 
# Start time: 01:11:37 on Mar 07,2024
# //  Questa Intel Starter FPGA Edition-64
# //  Version 2021.2 linux_x86_64 Apr 14 2021
# //
# //  Copyright 1991-2021 Mentor Graphics Corporation
# //  All Rights Reserved.
# //
# //  QuestaSim and its associated documentation contain trade
# //  secrets and commercial or financial information that are the property of
# //  Mentor Graphics Corporation and are privileged, confidential,
# //  and exempt from disclosure under the Freedom of Information Act,
# //  5 U.S.C. Section 552. Furthermore, this information
# //  is prohibited from disclosure under the Trade Secrets Act,
# //  18 U.S.C. Section 1905.
# //
# Loading sv_std.std
# Loading work.tb(fast)
# Loading work.regfile(fast)
# run -all
# init_reg pass!!
# ** Note: $finish    : tb.sv(26)
#    Time: 255 ns  Iteration: 1  Instance: /tb
# End time: 01:11:38 on Mar 07,2024, Elapsed time: 0:00:01
# Errors: 0, Warnings: 0
# *** Summary *********************************************
#     qrun: Errors:   0, Warnings:   0
#     vlog: Errors:   0, Warnings:   0
#     vopt: Errors:   0, Warnings:   0
#     vsim: Errors:   0, Warnings:   0
#   Totals: Errors:   0, Warnings:   0
